This file contains any messages produced by compilers while
running configure, to aid debugging if configure makes a mistake.

It was created by POSIXeg configure 0.1.0, which was
generated by GNU Autoconf 2.69.  Invocation command line was

  $ ./configure 

## --------- ##
## Platform. ##
## --------- ##

hostname = Leticias-MacBook-Pro.local
uname -m = x86_64
uname -r = 16.7.0
uname -s = Darwin
uname -v = Darwin Kernel Version 16.7.0: Thu Jun 15 17:36:27 PDT 2017; root:xnu-3789.70.16~2/RELEASE_X86_64

/usr/bin/uname -p = i386
/bin/uname -X     = unknown

/bin/arch              = unknown
/usr/bin/arch -k       = unknown
/usr/convex/getsysinfo = unknown
/usr/bin/hostinfo      = Mach kernel version:
	 Darwin Kernel Version 16.7.0: Thu Jun 15 17:36:27 PDT 2017; root:xnu-3789.70.16~2/RELEASE_X86_64
Kernel configured for up to 4 processors.
2 processors are physically available.
4 processors are logically available.
Processor type: x86_64h (Intel x86-64h Haswell)
Processors active: 0 1 2 3
Primary memory available: 8.00 gigabytes
Default processor set: 316 tasks, 1224 threads, 4 processors
Load average: 1.95, Mach factor: 2.04
/bin/machine           = unknown
/usr/bin/oslevel       = unknown
/bin/universe          = unknown

PATH: /usr/local/php5/bin
PATH: /usr/local/bin
PATH: /usr/bin
PATH: /bin
PATH: /usr/sbin
PATH: /sbin
PATH: /Applications/Wireshark.app/Contents/MacOS
PATH: /Users/Leticia/.composer/vendor/bin
PATH: /usr/local/mysql/bin


## ----------- ##
## Core tests. ##
## ----------- ##

configure:2186: checking for a BSD-compatible install
configure:2254: result: /usr/bin/install -c
configure:2265: checking whether build environment is sane
configure:2320: result: yes
configure:2471: checking for a thread-safe mkdir -p
configure:2510: result: build-aux/install-sh -c -d
configure:2517: checking for gawk
configure:2547: result: no
configure:2517: checking for mawk
configure:2547: result: no
configure:2517: checking for nawk
configure:2547: result: no
configure:2517: checking for awk
configure:2533: found /usr/bin/awk
configure:2544: result: awk
configure:2555: checking whether make sets $(MAKE)
configure:2577: result: yes
configure:2606: checking whether make supports nested variables
configure:2623: result: yes
configure:2761: checking for style of include used by make
configure:2789: result: GNU
configure:2860: checking for gcc
configure:2876: found /usr/bin/gcc
configure:2887: result: gcc
configure:3116: checking for C compiler version
configure:3125: gcc --version >&5
Apple LLVM version 9.0.0 (clang-900.0.39.2)
Target: x86_64-apple-darwin16.7.0
Thread model: posix
InstalledDir: /Applications/Xcode.app/Contents/Developer/Toolchains/XcodeDefault.xctoolchain/usr/bin
Configured with: --prefix=/Applications/Xcode.app/Contents/Developer/usr --with-gxx-include-dir=/Applications/Xcode.app/Contents/Developer/Platforms/MacOSX.platform/Developer/SDKs/MacOSX10.13.sdk/usr/include/c++/4.2.1
configure:3136: $? = 0
configure:3125: gcc -v >&5
Configured with: --prefix=/Applications/Xcode.app/Contents/Developer/usr --with-gxx-include-dir=/Applications/Xcode.app/Contents/Developer/Platforms/MacOSX.platform/Developer/SDKs/MacOSX10.13.sdk/usr/include/c++/4.2.1
Apple LLVM version 9.0.0 (clang-900.0.39.2)
Target: x86_64-apple-darwin16.7.0
Thread model: posix
InstalledDir: /Applications/Xcode.app/Contents/Developer/Toolchains/XcodeDefault.xctoolchain/usr/bin
configure:3136: $? = 0
configure:3125: gcc -V >&5
clang: error: argument to '-V' is missing (expected 1 value)
clang: error: no input files
configure:3136: $? = 1
configure:3125: gcc -qversion >&5
clang: error: unknown argument: '-qversion'
clang: error: no input files
configure:3136: $? = 1
configure:3156: checking whether the C compiler works
configure:3178: gcc    conftest.c  >&5
configure:3182: $? = 0
configure:3230: result: yes
configure:3233: checking for C compiler default output file name
configure:3235: result: a.out
configure:3241: checking for suffix of executables
configure:3248: gcc -o conftest    conftest.c  >&5
configure:3252: $? = 0
configure:3274: result: 
configure:3296: checking whether we are cross compiling
configure:3304: gcc -o conftest    conftest.c  >&5
configure:3308: $? = 0
configure:3315: ./conftest
configure:3319: $? = 0
configure:3334: result: no
configure:3339: checking for suffix of object files
configure:3361: gcc -c   conftest.c >&5
configure:3365: $? = 0
configure:3386: result: o
configure:3390: checking whether we are using the GNU C compiler
configure:3409: gcc -c   conftest.c >&5
configure:3409: $? = 0
configure:3418: result: yes
configure:3427: checking whether gcc accepts -g
configure:3447: gcc -c -g  conftest.c >&5
configure:3447: $? = 0
configure:3488: result: yes
configure:3505: checking for gcc option to accept ISO C89
configure:3568: gcc  -c -g -O2  conftest.c >&5
configure:3568: $? = 0
configure:3581: result: none needed
configure:3606: checking whether gcc understands -c and -o together
configure:3628: gcc -c conftest.c -o conftest2.o
configure:3631: $? = 0
configure:3628: gcc -c conftest.c -o conftest2.o
configure:3631: $? = 0
configure:3643: result: yes
configure:3662: checking dependency style of gcc
configure:3773: result: gcc3
configure:3838: checking for ar
configure:3854: found /usr/bin/ar
configure:3865: result: ar
configure:3891: checking the archiver (ar) interface
configure:3907: gcc -c -g -O2  conftest.c >&5
configure:3907: $? = 0
configure:3909: ar cru libconftest.a conftest.o >&5
configure:3912: $? = 0
configure:3940: result: ar
configure:3961: WARNING: Libtool does not cope well with whitespace in `pwd`
configure:3988: checking build system type
configure:4002: result: x86_64-apple-darwin16.7.0
configure:4022: checking host system type
configure:4035: result: x86_64-apple-darwin16.7.0
configure:4076: checking how to print strings
configure:4103: result: printf
configure:4124: checking for a sed that does not truncate output
configure:4188: result: /usr/bin/sed
configure:4206: checking for grep that handles long lines and -e
configure:4264: result: /usr/bin/grep
configure:4269: checking for egrep
configure:4331: result: /usr/bin/grep -E
configure:4336: checking for fgrep
configure:4398: result: /usr/bin/grep -F
configure:4433: checking for ld used by gcc
configure:4500: result: /Applications/Xcode.app/Contents/Developer/Toolchains/XcodeDefault.xctoolchain/usr/bin/ld
configure:4507: checking if the linker (/Applications/Xcode.app/Contents/Developer/Toolchains/XcodeDefault.xctoolchain/usr/bin/ld) is GNU ld
configure:4522: result: no
configure:4534: checking for BSD- or MS-compatible name lister (nm)
configure:4588: result: /usr/bin/nm -B
configure:4718: checking the name lister (/usr/bin/nm -B) interface
configure:4725: gcc -c -g -O2  conftest.c >&5
configure:4728: /usr/bin/nm -B "conftest.o"
configure:4731: output
00000000000001f8 S _some_variable
configure:4738: result: BSD nm
configure:4741: checking whether ln -s works
configure:4745: result: yes
configure:4753: checking the maximum length of command line arguments
configure:4884: result: 196608
configure:4932: checking how to convert x86_64-apple-darwin16.7.0 file names to x86_64-apple-darwin16.7.0 format
configure:4972: result: func_convert_file_noop
configure:4979: checking how to convert x86_64-apple-darwin16.7.0 file names to toolchain format
configure:4999: result: func_convert_file_noop
configure:5006: checking for /Applications/Xcode.app/Contents/Developer/Toolchains/XcodeDefault.xctoolchain/usr/bin/ld option to reload object files
configure:5013: result: -r
configure:5087: checking for objdump
configure:5103: found /usr/bin/objdump
configure:5114: result: objdump
configure:5146: checking how to recognize dependent libraries
configure:5346: result: pass_all
configure:5431: checking for dlltool
configure:5461: result: no
configure:5491: checking how to associate runtime and link libraries
configure:5518: result: printf %s\n
configure:5642: checking for archiver @FILE support
configure:5659: gcc -c -g -O2  conftest.c >&5
configure:5659: $? = 0
configure:5662: ar cru libconftest.a @conftest.lst >&5
ar: @conftest.lst: No such file or directory
configure:5665: $? = 1
configure:5685: result: no
configure:5743: checking for strip
configure:5759: found /usr/bin/strip
configure:5770: result: strip
configure:5842: checking for ranlib
configure:5858: found /usr/bin/ranlib
configure:5869: result: ranlib
configure:5971: checking command to parse /usr/bin/nm -B output from gcc object
configure:6124: gcc -c -g -O2  conftest.c >&5
configure:6127: $? = 0
configure:6131: /usr/bin/nm -B conftest.o \| sed -n -e 's/^.*[ ]\([BCDEGRST][BCDEGRST]*\)[ ][ ]*\([_A-Za-z][_A-Za-z0-9]*\)$/\1 \2 \2/p' | sed '/ __gnu_lto/d' \> conftest.nm
configure:6134: $? = 0
cannot find nm_test_var in conftest.nm
configure:6124: gcc -c -g -O2  conftest.c >&5
configure:6127: $? = 0
configure:6131: /usr/bin/nm -B conftest.o \| sed -n -e 's/^.*[ ]\([BCDEGRST][BCDEGRST]*\)[ ][ ]*_\([_A-Za-z][_A-Za-z0-9]*\)$/\1 _\2 \2/p' | sed '/ __gnu_lto/d' \> conftest.nm
configure:6134: $? = 0
configure:6200: gcc -o conftest -g -O2   conftest.c conftstm.o >&5
warning: (x86_64)  could not find object file symbol for symbol _main
configure:6203: $? = 0
configure:6241: result: ok
configure:6288: checking for sysroot
configure:6318: result: no
configure:6325: checking for a working dd
configure:6363: result: /bin/dd
configure:6367: checking how to truncate binary pipes
configure:6382: result: /bin/dd bs=4096 count=1
configure:6711: checking for mt
configure:6741: result: no
configure:6761: checking if : is a manifest tool
configure:6767: : '-?'
configure:6775: result: no
configure:6831: checking for dsymutil
configure:6847: found /usr/bin/dsymutil
configure:6858: result: dsymutil
configure:6923: checking for nmedit
configure:6939: found /usr/bin/nmedit
configure:6950: result: nmedit
configure:7015: checking for lipo
configure:7031: found /usr/bin/lipo
configure:7042: result: lipo
configure:7107: checking for otool
configure:7123: found /usr/bin/otool
configure:7134: result: otool
configure:7199: checking for otool64
configure:7229: result: no
configure:7274: checking for -single_module linker flag
gcc -g -O2  -o libconftest.dylib -dynamiclib -Wl,-single_module conftest.c
configure:7307: result: yes
configure:7310: checking for -exported_symbols_list linker flag
configure:7330: gcc -o conftest -g -O2   -Wl,-exported_symbols_list,conftest.sym conftest.c  >&5
configure:7330: $? = 0
configure:7340: result: yes
configure:7343: checking for -force_load linker flag
gcc -g -O2 -c -o conftest.o conftest.c
ar cru libconftest.a conftest.o
ranlib libconftest.a
gcc -g -O2  -o conftest conftest.c -Wl,-force_load,./libconftest.a
configure:7375: result: yes
configure:7452: checking how to run the C preprocessor
configure:7483: gcc -E  conftest.c
configure:7483: $? = 0
configure:7497: gcc -E  conftest.c
conftest.c:11:10: fatal error: 'ac_nonexistent.h' file not found
#include <ac_nonexistent.h>
         ^~~~~~~~~~~~~~~~~~
1 error generated.
configure:7497: $? = 1
configure: failed program was:
| /* confdefs.h */
| #define PACKAGE_NAME "POSIXeg"
| #define PACKAGE_TARNAME "posixeg"
| #define PACKAGE_VERSION "0.1.0"
| #define PACKAGE_STRING "POSIXeg 0.1.0"
| #define PACKAGE_BUGREPORT "monaco@icmc.usp.br"
| #define PACKAGE_URL ""
| #define PACKAGE "posixeg"
| #define VERSION "0.1.0"
| /* end confdefs.h.  */
| #include <ac_nonexistent.h>
configure:7522: result: gcc -E
configure:7542: gcc -E  conftest.c
configure:7542: $? = 0
configure:7556: gcc -E  conftest.c
conftest.c:11:10: fatal error: 'ac_nonexistent.h' file not found
#include <ac_nonexistent.h>
         ^~~~~~~~~~~~~~~~~~
1 error generated.
configure:7556: $? = 1
configure: failed program was:
| /* confdefs.h */
| #define PACKAGE_NAME "POSIXeg"
| #define PACKAGE_TARNAME "posixeg"
| #define PACKAGE_VERSION "0.1.0"
| #define PACKAGE_STRING "POSIXeg 0.1.0"
| #define PACKAGE_BUGREPORT "monaco@icmc.usp.br"
| #define PACKAGE_URL ""
| #define PACKAGE "posixeg"
| #define VERSION "0.1.0"
| /* end confdefs.h.  */
| #include <ac_nonexistent.h>
configure:7585: checking for ANSI C header files
configure:7605: gcc -c -g -O2  conftest.c >&5
configure:7605: $? = 0
configure:7678: gcc -o conftest -g -O2   conftest.c  >&5
configure:7678: $? = 0
configure:7678: ./conftest
configure:7678: $? = 0
configure:7689: result: yes
configure:7702: checking for sys/types.h
configure:7702: gcc -c -g -O2  conftest.c >&5
configure:7702: $? = 0
configure:7702: result: yes
configure:7702: checking for sys/stat.h
configure:7702: gcc -c -g -O2  conftest.c >&5
configure:7702: $? = 0
configure:7702: result: yes
configure:7702: checking for stdlib.h
configure:7702: gcc -c -g -O2  conftest.c >&5
configure:7702: $? = 0
configure:7702: result: yes
configure:7702: checking for string.h
configure:7702: gcc -c -g -O2  conftest.c >&5
configure:7702: $? = 0
configure:7702: result: yes
configure:7702: checking for memory.h
configure:7702: gcc -c -g -O2  conftest.c >&5
configure:7702: $? = 0
configure:7702: result: yes
configure:7702: checking for strings.h
configure:7702: gcc -c -g -O2  conftest.c >&5
configure:7702: $? = 0
configure:7702: result: yes
configure:7702: checking for inttypes.h
configure:7702: gcc -c -g -O2  conftest.c >&5
configure:7702: $? = 0
configure:7702: result: yes
configure:7702: checking for stdint.h
configure:7702: gcc -c -g -O2  conftest.c >&5
configure:7702: $? = 0
configure:7702: result: yes
configure:7702: checking for unistd.h
configure:7702: gcc -c -g -O2  conftest.c >&5
configure:7702: $? = 0
configure:7702: result: yes
configure:7716: checking for dlfcn.h
configure:7716: gcc -c -g -O2  conftest.c >&5
configure:7716: $? = 0
configure:7716: result: yes
configure:7972: checking for objdir
configure:7987: result: .libs
configure:8251: checking if gcc supports -fno-rtti -fno-exceptions
configure:8269: gcc -c -g -O2  -fno-rtti -fno-exceptions conftest.c >&5
configure:8273: $? = 0
configure:8286: result: yes
configure:8644: checking for gcc option to produce PIC
configure:8651: result: -fno-common -DPIC
configure:8659: checking if gcc PIC flag -fno-common -DPIC works
configure:8677: gcc -c -g -O2  -fno-common -DPIC -DPIC conftest.c >&5
configure:8681: $? = 0
configure:8694: result: yes
configure:8723: checking if gcc static flag -static works
configure:8751: result: no
configure:8766: checking if gcc supports -c -o file.o
configure:8787: gcc -c -g -O2  -o out/conftest2.o conftest.c >&5
configure:8791: $? = 0
configure:8813: result: yes
configure:8821: checking if gcc supports -c -o file.o
configure:8868: result: yes
configure:8901: checking whether the gcc linker (/Applications/Xcode.app/Contents/Developer/Toolchains/XcodeDefault.xctoolchain/usr/bin/ld) supports shared libraries
configure:10164: result: yes
configure:10404: checking dynamic linker characteristics
configure:11234: result: darwin16.7.0 dyld
configure:11356: checking how to hardcode library paths into programs
configure:11381: result: immediate
configure:11929: checking whether stripping libraries is possible
configure:11943: result: yes
configure:11969: checking if libtool supports shared libraries
configure:11971: result: yes
configure:11974: checking whether to build shared libraries
configure:11999: result: yes
configure:12002: checking whether to build static libraries
configure:12006: result: yes
configure:12091: checking for gcc
configure:12118: result: gcc
configure:12347: checking for C compiler version
configure:12356: gcc --version >&5
Apple LLVM version 9.0.0 (clang-900.0.39.2)
Target: x86_64-apple-darwin16.7.0
Thread model: posix
InstalledDir: /Applications/Xcode.app/Contents/Developer/Toolchains/XcodeDefault.xctoolchain/usr/bin
Configured with: --prefix=/Applications/Xcode.app/Contents/Developer/usr --with-gxx-include-dir=/Applications/Xcode.app/Contents/Developer/Platforms/MacOSX.platform/Developer/SDKs/MacOSX10.13.sdk/usr/include/c++/4.2.1
configure:12367: $? = 0
configure:12356: gcc -v >&5
Configured with: --prefix=/Applications/Xcode.app/Contents/Developer/usr --with-gxx-include-dir=/Applications/Xcode.app/Contents/Developer/Platforms/MacOSX.platform/Developer/SDKs/MacOSX10.13.sdk/usr/include/c++/4.2.1
Apple LLVM version 9.0.0 (clang-900.0.39.2)
Target: x86_64-apple-darwin16.7.0
Thread model: posix
InstalledDir: /Applications/Xcode.app/Contents/Developer/Toolchains/XcodeDefault.xctoolchain/usr/bin
configure:12367: $? = 0
configure:12356: gcc -V >&5
clang: error: argument to '-V' is missing (expected 1 value)
clang: error: no input files
configure:12367: $? = 1
configure:12356: gcc -qversion >&5
clang: error: unknown argument: '-qversion'
clang: error: no input files
configure:12367: $? = 1
configure:12371: checking whether we are using the GNU C compiler
configure:12399: result: yes
configure:12408: checking whether gcc accepts -g
configure:12469: result: yes
configure:12486: checking for gcc option to accept ISO C89
configure:12562: result: none needed
configure:12587: checking whether gcc understands -c and -o together
configure:12624: result: yes
configure:12643: checking dependency style of gcc
configure:12754: result: gcc3
configure:12960: checking whether gcc is Clang
configure:12985: result: yes
configure:13032: checking whether Clang needs flag to prevent "argument unused" warning when linking with -pthread
configure:13057: gcc -o conftest -Werror -Wunknown-warning-option  -pthread -g -O2   conftest.c  >&5
configure:13057: $? = 0
configure:13063: (gcc -c -Werror -Wunknown-warning-option  -pthread -g -O2  conftest.c >&5) && (echo ==== >&5) && (gcc -o conftest -Werror -Wunknown-warning-option  -pthread -g -O2   conftest.o  >&5)
====
clang: error: argument unused during compilation: '-pthread' [-Werror,-Wunused-command-line-argument]
configure:13063: $? = 1
configure: failed program was:
| /* confdefs.h */
| #define PACKAGE_NAME "POSIXeg"
| #define PACKAGE_TARNAME "posixeg"
| #define PACKAGE_VERSION "0.1.0"
| #define PACKAGE_STRING "POSIXeg 0.1.0"
| #define PACKAGE_BUGREPORT "monaco@icmc.usp.br"
| #define PACKAGE_URL ""
| #define PACKAGE "posixeg"
| #define VERSION "0.1.0"
| #define STDC_HEADERS 1
| #define HAVE_SYS_TYPES_H 1
| #define HAVE_SYS_STAT_H 1
| #define HAVE_STDLIB_H 1
| #define HAVE_STRING_H 1
| #define HAVE_MEMORY_H 1
| #define HAVE_STRINGS_H 1
| #define HAVE_INTTYPES_H 1
| #define HAVE_STDINT_H 1
| #define HAVE_UNISTD_H 1
| #define HAVE_DLFCN_H 1
| #define LT_OBJDIR ".libs/"
| /* end confdefs.h.  */
| int main(void){return 0;}
configure:13057: gcc -o conftest -Werror -Wunknown-warning-option -Qunused-arguments -pthread -g -O2   conftest.c  >&5
configure:13057: $? = 0
configure:13063: (gcc -c -Werror -Wunknown-warning-option -Qunused-arguments -pthread -g -O2  conftest.c >&5) && (echo ==== >&5) && (gcc -o conftest -Werror -Wunknown-warning-option -Qunused-arguments -pthread -g -O2   conftest.o  >&5)
====
configure:13063: $? = 0
configure:13081: result: -Qunused-arguments
configure:13230: checking for joinable pthread attribute
configure:13248: gcc -o conftest -g -O2 -Qunused-arguments -pthread   conftest.c   >&5
configure:13248: $? = 0
configure:13256: result: PTHREAD_CREATE_JOINABLE
configure:13270: checking whether more special flags are required for pthreads
configure:13283: result: no
configure:13291: checking for PTHREAD_PRIO_INHERIT
configure:13307: gcc -o conftest -g -O2 -Qunused-arguments -pthread   conftest.c   >&5
configure:13307: $? = 0
configure:13316: result: yes
configure:13534: checking that generated files are newer than configure
configure:13540: result: done
configure:13567: creating ./config.status

## ---------------------- ##
## Running config.status. ##
## ---------------------- ##

This file was extended by POSIXeg config.status 0.1.0, which was
generated by GNU Autoconf 2.69.  Invocation command line was

  CONFIG_FILES    = 
  CONFIG_HEADERS  = 
  CONFIG_LINKS    = 
  CONFIG_COMMANDS = 
  $ ./config.status 

on Leticias-MacBook-Pro.local

config.status:1104: creating Makefile
config.status:1104: creating lib/Makefile
config.status:1104: creating examples/Makefile
config.status:1104: creating examples/snippets/Makefile
config.status:1104: creating exercises/Makefile
config.status:1104: creating exercises/shell/Makefile
config.status:1104: creating exercises/shell/foosh/Makefile
config.status:1104: creating exercises/shell/tests/Makefile
config.status:1104: creating exercises/runcmd/Makefile
config.status:1104: creating exercises/runcmd/lib/Makefile
config.status:1104: creating exercises/runcmd/test/Makefile
config.status:1104: creating extras/Makefile
config.status:1104: creating tools/Makefile
config.status:1104: creating doc/Makefile
config.status:1104: creating config.h
config.status:1333: executing depfiles commands
config.status:1333: executing libtool commands

## ---------------- ##
## Cache variables. ##
## ---------------- ##

ac_cv_build=x86_64-apple-darwin16.7.0
ac_cv_c_compiler_gnu=yes
ac_cv_env_CC_set=
ac_cv_env_CC_value=
ac_cv_env_CFLAGS_set=
ac_cv_env_CFLAGS_value=
ac_cv_env_CPPFLAGS_set=
ac_cv_env_CPPFLAGS_value=
ac_cv_env_CPP_set=
ac_cv_env_CPP_value=
ac_cv_env_LDFLAGS_set=
ac_cv_env_LDFLAGS_value=
ac_cv_env_LIBS_set=
ac_cv_env_LIBS_value=
ac_cv_env_LT_SYS_LIBRARY_PATH_set=
ac_cv_env_LT_SYS_LIBRARY_PATH_value=
ac_cv_env_build_alias_set=
ac_cv_env_build_alias_value=
ac_cv_env_host_alias_set=
ac_cv_env_host_alias_value=
ac_cv_env_target_alias_set=
ac_cv_env_target_alias_value=
ac_cv_header_dlfcn_h=yes
ac_cv_header_inttypes_h=yes
ac_cv_header_memory_h=yes
ac_cv_header_stdc=yes
ac_cv_header_stdint_h=yes
ac_cv_header_stdlib_h=yes
ac_cv_header_string_h=yes
ac_cv_header_strings_h=yes
ac_cv_header_sys_stat_h=yes
ac_cv_header_sys_types_h=yes
ac_cv_header_unistd_h=yes
ac_cv_host=x86_64-apple-darwin16.7.0
ac_cv_objext=o
ac_cv_path_EGREP='/usr/bin/grep -E'
ac_cv_path_FGREP='/usr/bin/grep -F'
ac_cv_path_GREP=/usr/bin/grep
ac_cv_path_SED=/usr/bin/sed
ac_cv_path_install='/usr/bin/install -c'
ac_cv_path_lt_DD=/bin/dd
ac_cv_prog_AWK=awk
ac_cv_prog_CPP='gcc -E'
ac_cv_prog_ac_ct_AR=ar
ac_cv_prog_ac_ct_CC=gcc
ac_cv_prog_ac_ct_DSYMUTIL=dsymutil
ac_cv_prog_ac_ct_LIPO=lipo
ac_cv_prog_ac_ct_NMEDIT=nmedit
ac_cv_prog_ac_ct_OBJDUMP=objdump
ac_cv_prog_ac_ct_OTOOL=otool
ac_cv_prog_ac_ct_RANLIB=ranlib
ac_cv_prog_ac_ct_STRIP=strip
ac_cv_prog_cc_c89=
ac_cv_prog_cc_g=yes
ac_cv_prog_make_make_set=yes
am_cv_CC_dependencies_compiler_type=gcc3
am_cv_ar_interface=ar
am_cv_make_support_nested_variables=yes
am_cv_prog_cc_c_o=yes
ax_cv_PTHREAD_CLANG=yes
ax_cv_PTHREAD_CLANG_NO_WARN_FLAG=-Qunused-arguments
ax_cv_PTHREAD_JOINABLE_ATTR=PTHREAD_CREATE_JOINABLE
ax_cv_PTHREAD_PRIO_INHERIT=yes
ax_cv_PTHREAD_SPECIAL_FLAGS=no
lt_cv_apple_cc_single_mod=yes
lt_cv_ar_at_file=no
lt_cv_deplibs_check_method=pass_all
lt_cv_file_magic_cmd='$MAGIC_CMD'
lt_cv_file_magic_test_file=
lt_cv_ld_exported_symbols_list=yes
lt_cv_ld_force_load=yes
lt_cv_ld_reload_flag=-r
lt_cv_nm_interface='BSD nm'
lt_cv_objdir=.libs
lt_cv_path_LD=/Applications/Xcode.app/Contents/Developer/Toolchains/XcodeDefault.xctoolchain/usr/bin/ld
lt_cv_path_NM='/usr/bin/nm -B'
lt_cv_path_mainfest_tool=no
lt_cv_prog_compiler_c_o=yes
lt_cv_prog_compiler_pic='-fno-common -DPIC'
lt_cv_prog_compiler_pic_works=yes
lt_cv_prog_compiler_rtti_exceptions=yes
lt_cv_prog_compiler_static_works=no
lt_cv_prog_gnu_ld=no
lt_cv_sharedlib_from_linklib_cmd='printf %s\n'
lt_cv_sys_global_symbol_pipe='sed -n -e '\''s/^.*[	 ]\([BCDEGRST][BCDEGRST]*\)[	 ][	 ]*_\([_A-Za-z][_A-Za-z0-9]*\)$/\1 _\2 \2/p'\'' | sed '\''/ __gnu_lto/d'\'''
lt_cv_sys_global_symbol_to_c_name_address='sed -n -e '\''s/^: \(.*\) .*$/  {"\1", (void *) 0},/p'\'' -e '\''s/^[BCDEGRST][BCDEGRST]* .* \(.*\)$/  {"\1", (void *) \&\1},/p'\'''
lt_cv_sys_global_symbol_to_c_name_address_lib_prefix='sed -n -e '\''s/^: \(.*\) .*$/  {"\1", (void *) 0},/p'\'' -e '\''s/^[BCDEGRST][BCDEGRST]* .* \(lib.*\)$/  {"\1", (void *) \&\1},/p'\'' -e '\''s/^[BCDEGRST][BCDEGRST]* .* \(.*\)$/  {"lib\1", (void *) \&\1},/p'\'''
lt_cv_sys_global_symbol_to_cdecl='sed -n -e '\''s/^T .* \(.*\)$/extern int \1();/p'\'' -e '\''s/^[BCDEGRST][BCDEGRST]* .* \(.*\)$/extern char \1;/p'\'''
lt_cv_sys_global_symbol_to_import=
lt_cv_sys_max_cmd_len=196608
lt_cv_to_host_file_cmd=func_convert_file_noop
lt_cv_to_tool_file_cmd=func_convert_file_noop
lt_cv_truncate_bin='/bin/dd bs=4096 count=1'

## ----------------- ##
## Output variables. ##
## ----------------- ##

ACLOCAL='${SHELL} "/Users/Leticia/Documents/UFSCar/9o. Semestre/Sistemas Operacionas II/posixeg/build-aux/missing" aclocal-1.15'
AMDEPBACKSLASH='\'
AMDEP_FALSE='#'
AMDEP_TRUE=''
AMTAR='$${TAR-tar}'
AM_BACKSLASH='\'
AM_DEFAULT_V='$(AM_DEFAULT_VERBOSITY)'
AM_DEFAULT_VERBOSITY='1'
AM_V='$(V)'
AR='ar'
AUTOCONF='${SHELL} "/Users/Leticia/Documents/UFSCar/9o. Semestre/Sistemas Operacionas II/posixeg/build-aux/missing" autoconf'
AUTOHEADER='${SHELL} "/Users/Leticia/Documents/UFSCar/9o. Semestre/Sistemas Operacionas II/posixeg/build-aux/missing" autoheader'
AUTOMAKE='${SHELL} "/Users/Leticia/Documents/UFSCar/9o. Semestre/Sistemas Operacionas II/posixeg/build-aux/missing" automake-1.15'
AWK='awk'
CC='gcc'
CCDEPMODE='depmode=gcc3'
CFLAGS='-g -O2'
CPP='gcc -E'
CPPFLAGS=''
CPP_FLAGS='-ansi -D_POSIX_C_SOURCE=200809L -Wall -Werror --pedantic'
CYGPATH_W='echo'
C_FLAGS=''
DEFS='-DHAVE_CONFIG_H'
DEPDIR='.deps'
DLLTOOL='false'
DSYMUTIL='dsymutil'
DUMPBIN=''
ECHO_C='\c'
ECHO_N=''
ECHO_T=''
EGREP='/usr/bin/grep -E'
EXEEXT=''
FGREP='/usr/bin/grep -F'
GREP='/usr/bin/grep'
INSTALL_DATA='${INSTALL} -m 644'
INSTALL_PROGRAM='${INSTALL}'
INSTALL_SCRIPT='${INSTALL}'
INSTALL_STRIP_PROGRAM='$(install_sh) -c -s'
LD='/Applications/Xcode.app/Contents/Developer/Toolchains/XcodeDefault.xctoolchain/usr/bin/ld'
LDFLAGS=''
LD_FLAGS=''
LIBOBJS=''
LIBS=''
LIBTOOL='$(SHELL) $(top_builddir)/libtool'
LIPO='lipo'
LN_S='ln -s'
LTLIBOBJS=''
LT_SYS_LIBRARY_PATH=''
MAKEINFO='${SHELL} "/Users/Leticia/Documents/UFSCar/9o. Semestre/Sistemas Operacionas II/posixeg/build-aux/missing" makeinfo'
MANIFEST_TOOL=':'
MKDIR_P='build-aux/install-sh -c -d'
NM='/usr/bin/nm -B'
NMEDIT='nmedit'
OBJDUMP='objdump'
OBJEXT='o'
OTOOL64=':'
OTOOL='otool'
PACKAGE='posixeg'
PACKAGE_BUGREPORT='monaco@icmc.usp.br'
PACKAGE_NAME='POSIXeg'
PACKAGE_STRING='POSIXeg 0.1.0'
PACKAGE_TARNAME='posixeg'
PACKAGE_URL=''
PACKAGE_VERSION='0.1.0'
PATH_SEPARATOR=':'
PTHREAD_CC='gcc'
PTHREAD_CFLAGS='-Qunused-arguments -pthread'
PTHREAD_LIBS=''
RANLIB='ranlib'
SED='/usr/bin/sed'
SET_MAKE=''
SHELL='/bin/sh'
STRIP='strip'
TEMPFILES='*~'
VERSION='0.1.0'
ac_ct_AR='ar'
ac_ct_CC='gcc'
ac_ct_DUMPBIN=''
am__EXEEXT_FALSE=''
am__EXEEXT_TRUE='#'
am__fastdepCC_FALSE='#'
am__fastdepCC_TRUE=''
am__include='include'
am__isrc=''
am__leading_dot='.'
am__nodep='_no'
am__quote=''
am__tar='$${TAR-tar} chof - "$$tardir"'
am__untar='$${TAR-tar} xf -'
ax_pthread_config=''
bindir='${exec_prefix}/bin'
build='x86_64-apple-darwin16.7.0'
build_alias=''
build_cpu='x86_64'
build_os='darwin16.7.0'
build_vendor='apple'
datadir='${datarootdir}'
datarootdir='${prefix}/share'
docdir='${datarootdir}/doc/${PACKAGE_TARNAME}'
dvidir='${docdir}'
exec_prefix='${prefix}'
host='x86_64-apple-darwin16.7.0'
host_alias=''
host_cpu='x86_64'
host_os='darwin16.7.0'
host_vendor='apple'
htmldir='${docdir}'
includedir='${prefix}/include'
infodir='${datarootdir}/info'
install_sh='${SHELL} '\''/Users/Leticia/Documents/UFSCar/9o. Semestre/Sistemas Operacionas II/posixeg/build-aux/install-sh'\'''
libdir='${exec_prefix}/lib'
libexecdir='${exec_prefix}/libexec'
localedir='${datarootdir}/locale'
localstatedir='${prefix}/var'
mandir='${datarootdir}/man'
mkdir_p='$(MKDIR_P)'
oldincludedir='/usr/include'
pdfdir='${docdir}'
prefix='/usr/local'
program_transform_name='s,x,x,'
psdir='${docdir}'
runstatedir='${localstatedir}/run'
sbindir='${exec_prefix}/sbin'
sharedstatedir='${prefix}/com'
sysconfdir='${prefix}/etc'
target_alias=''

## ----------- ##
## confdefs.h. ##
## ----------- ##

/* confdefs.h */
#define PACKAGE_NAME "POSIXeg"
#define PACKAGE_TARNAME "posixeg"
#define PACKAGE_VERSION "0.1.0"
#define PACKAGE_STRING "POSIXeg 0.1.0"
#define PACKAGE_BUGREPORT "monaco@icmc.usp.br"
#define PACKAGE_URL ""
#define PACKAGE "posixeg"
#define VERSION "0.1.0"
#define STDC_HEADERS 1
#define HAVE_SYS_TYPES_H 1
#define HAVE_SYS_STAT_H 1
#define HAVE_STDLIB_H 1
#define HAVE_STRING_H 1
#define HAVE_MEMORY_H 1
#define HAVE_STRINGS_H 1
#define HAVE_INTTYPES_H 1
#define HAVE_STDINT_H 1
#define HAVE_UNISTD_H 1
#define HAVE_DLFCN_H 1
#define LT_OBJDIR ".libs/"
#define HAVE_PTHREAD_PRIO_INHERIT 1
#define HAVE_PTHREAD 1

configure: exit 0
